<?xml version="1.0" encoding="UTF-8"?>
<testng-results ignored="0" total="10" passed="8" failed="2" skipped="0">
  <reporter-output>
  </reporter-output>
  <suite started-at="2021-07-14T11:41:54Z" name="Default suite" finished-at="2021-07-14T11:44:46Z" duration-ms="172495">
    <groups>
    </groups>
    <test started-at="2021-07-14T11:41:54Z" name="Default test" finished-at="2021-07-14T11:44:46Z" duration-ms="172495">
      <class name="testNg.asPaintTestNg">
        <test-method is-config="true" signature="beforeSuite()[pri:0, instance:testNg.asPaintTestNg@5b7a8434]" started-at="2021-07-14T11:41:54Z" name="beforeSuite" finished-at="2021-07-14T11:41:54Z" duration-ms="9" status="PASS">
          <reporter-output>
          </reporter-output>
        </test-method> <!-- beforeSuite -->
        <test-method is-config="true" signature="steuoReport()[pri:0, instance:testNg.asPaintTestNg@5b7a8434]" started-at="2021-07-14T11:41:54Z" name="steuoReport" finished-at="2021-07-14T11:41:54Z" duration-ms="147" status="PASS">
          <reporter-output>
          </reporter-output>
        </test-method> <!-- steuoReport -->
        <test-method is-config="true" signature="beforeTest()[pri:0, instance:testNg.asPaintTestNg@5b7a8434]" started-at="2021-07-14T11:41:54Z" name="beforeTest" finished-at="2021-07-14T11:42:04Z" duration-ms="9992" status="PASS">
          <reporter-output>
          </reporter-output>
        </test-method> <!-- beforeTest -->
        <test-method signature="EnquireFormWithValidData(java.lang.String, java.lang.String, int, int, java.lang.String)[pri:1, instance:testNg.asPaintTestNg@5b7a8434]" started-at="2021-07-14T11:42:04Z" name="EnquireFormWithValidData" data-provider="testCase1" finished-at="2021-07-14T11:42:09Z" duration-ms="5020" status="PASS">
          <params>
            <param index="0">
              <value>
                <![CDATA[Deepayan Tester]]>
              </value>
            </param>
            <param index="1">
              <value>
                <![CDATA[deepayan@tester.com]]>
              </value>
            </param>
            <param index="2">
              <value>
                <![CDATA[1234567890]]>
              </value>
            </param>
            <param index="3">
              <value>
                <![CDATA[713212]]>
              </value>
            </param>
            <param index="4">
              <value>
                <![CDATA[Thank you for your interest in Asian Paints Safe Painting Service. We will get in touch with you shortly to schedule a visit by an expert.

Are you looking for home interiors ? Get tailor made designs from Beautiful Homes Service by Asian Paints. Visit Beautiful Homes Service to sign up for a design consultation.]]>
              </value>
            </param>
          </params>
          <reporter-output>
          </reporter-output>
        </test-method> <!-- EnquireFormWithValidData -->
        <test-method is-config="true" signature="afterTest()[pri:0, instance:testNg.asPaintTestNg@5b7a8434]" started-at="2021-07-14T11:42:09Z" name="afterTest" finished-at="2021-07-14T11:42:10Z" duration-ms="806" status="PASS">
          <reporter-output>
          </reporter-output>
        </test-method> <!-- afterTest -->
        <test-method is-config="true" signature="beforeTest()[pri:0, instance:testNg.asPaintTestNg@5b7a8434]" started-at="2021-07-14T11:42:10Z" name="beforeTest" finished-at="2021-07-14T11:42:20Z" duration-ms="10179" status="PASS">
          <reporter-output>
          </reporter-output>
        </test-method> <!-- beforeTest -->
        <test-method signature="EnquireFormWithInvalidName(java.lang.String, java.lang.String, int, int, java.lang.String)[pri:2, instance:testNg.asPaintTestNg@5b7a8434]" started-at="2021-07-14T11:42:20Z" name="EnquireFormWithInvalidName" data-provider="testCase2" finished-at="2021-07-14T11:42:23Z" duration-ms="2841" status="PASS">
          <params>
            <param index="0">
              <value>
                <![CDATA[De@]]>
              </value>
            </param>
            <param index="1">
              <value>
                <![CDATA[deepayan@tester.com]]>
              </value>
            </param>
            <param index="2">
              <value>
                <![CDATA[1234567890]]>
              </value>
            </param>
            <param index="3">
              <value>
                <![CDATA[713212]]>
              </value>
            </param>
            <param index="4">
              <value>
                <![CDATA[Username is not valid]]>
              </value>
            </param>
          </params>
          <reporter-output>
          </reporter-output>
        </test-method> <!-- EnquireFormWithInvalidName -->
        <test-method is-config="true" signature="afterTest()[pri:0, instance:testNg.asPaintTestNg@5b7a8434]" started-at="2021-07-14T11:42:23Z" name="afterTest" finished-at="2021-07-14T11:42:24Z" duration-ms="729" status="PASS">
          <reporter-output>
          </reporter-output>
        </test-method> <!-- afterTest -->
        <test-method is-config="true" signature="beforeTest()[pri:0, instance:testNg.asPaintTestNg@5b7a8434]" started-at="2021-07-14T11:42:24Z" name="beforeTest" finished-at="2021-07-14T11:42:34Z" duration-ms="10125" status="PASS">
          <reporter-output>
          </reporter-output>
        </test-method> <!-- beforeTest -->
        <test-method signature="EnquireFormWithInvalidEmail(java.lang.String, java.lang.String, int, int, java.lang.String)[pri:3, instance:testNg.asPaintTestNg@5b7a8434]" started-at="2021-07-14T11:42:34Z" name="EnquireFormWithInvalidEmail" data-provider="testCase3" finished-at="2021-07-14T11:42:37Z" duration-ms="2879" status="PASS">
          <params>
            <param index="0">
              <value>
                <![CDATA[Deepayan Tester]]>
              </value>
            </param>
            <param index="1">
              <value>
                <![CDATA[deepayantester.com]]>
              </value>
            </param>
            <param index="2">
              <value>
                <![CDATA[1234567890]]>
              </value>
            </param>
            <param index="3">
              <value>
                <![CDATA[713212]]>
              </value>
            </param>
            <param index="4">
              <value>
                <![CDATA[Email is invalid]]>
              </value>
            </param>
          </params>
          <reporter-output>
          </reporter-output>
        </test-method> <!-- EnquireFormWithInvalidEmail -->
        <test-method is-config="true" signature="afterTest()[pri:0, instance:testNg.asPaintTestNg@5b7a8434]" started-at="2021-07-14T11:42:37Z" name="afterTest" finished-at="2021-07-14T11:42:38Z" duration-ms="727" status="PASS">
          <reporter-output>
          </reporter-output>
        </test-method> <!-- afterTest -->
        <test-method is-config="true" signature="beforeTest()[pri:0, instance:testNg.asPaintTestNg@5b7a8434]" started-at="2021-07-14T11:42:38Z" name="beforeTest" finished-at="2021-07-14T11:42:48Z" duration-ms="10283" status="PASS">
          <reporter-output>
          </reporter-output>
        </test-method> <!-- beforeTest -->
        <test-method signature="EnquireFormWithInvalidMobile(java.lang.String, java.lang.String, int, int, java.lang.String)[pri:4, instance:testNg.asPaintTestNg@5b7a8434]" started-at="2021-07-14T11:42:48Z" name="EnquireFormWithInvalidMobile" data-provider="testCase4" finished-at="2021-07-14T11:42:51Z" duration-ms="2796" status="PASS">
          <params>
            <param index="0">
              <value>
                <![CDATA[Deepayan Tester]]>
              </value>
            </param>
            <param index="1">
              <value>
                <![CDATA[deepayan@tester.com]]>
              </value>
            </param>
            <param index="2">
              <value>
                <![CDATA[12345678]]>
              </value>
            </param>
            <param index="3">
              <value>
                <![CDATA[713212]]>
              </value>
            </param>
            <param index="4">
              <value>
                <![CDATA[Phone number is invalid]]>
              </value>
            </param>
          </params>
          <reporter-output>
          </reporter-output>
        </test-method> <!-- EnquireFormWithInvalidMobile -->
        <test-method is-config="true" signature="afterTest()[pri:0, instance:testNg.asPaintTestNg@5b7a8434]" started-at="2021-07-14T11:42:51Z" name="afterTest" finished-at="2021-07-14T11:42:51Z" duration-ms="729" status="PASS">
          <reporter-output>
          </reporter-output>
        </test-method> <!-- afterTest -->
        <test-method is-config="true" signature="beforeTest()[pri:0, instance:testNg.asPaintTestNg@5b7a8434]" started-at="2021-07-14T11:42:51Z" name="beforeTest" finished-at="2021-07-14T11:43:02Z" duration-ms="10408" status="PASS">
          <reporter-output>
          </reporter-output>
        </test-method> <!-- beforeTest -->
        <test-method signature="EnquireFormWithInvalidPincode(java.lang.String, java.lang.String, int, int, java.lang.String)[pri:5, instance:testNg.asPaintTestNg@5b7a8434]" started-at="2021-07-14T11:43:02Z" name="EnquireFormWithInvalidPincode" data-provider="testCase5" finished-at="2021-07-14T11:43:05Z" duration-ms="2871" status="PASS">
          <params>
            <param index="0">
              <value>
                <![CDATA[Deepayan Tester]]>
              </value>
            </param>
            <param index="1">
              <value>
                <![CDATA[deepayan@tester.com]]>
              </value>
            </param>
            <param index="2">
              <value>
                <![CDATA[1234567890]]>
              </value>
            </param>
            <param index="3">
              <value>
                <![CDATA[71321]]>
              </value>
            </param>
            <param index="4">
              <value>
                <![CDATA[Enter a valid 6 digit Zip Code]]>
              </value>
            </param>
          </params>
          <reporter-output>
          </reporter-output>
        </test-method> <!-- EnquireFormWithInvalidPincode -->
        <test-method is-config="true" signature="afterTest()[pri:0, instance:testNg.asPaintTestNg@5b7a8434]" started-at="2021-07-14T11:43:05Z" name="afterTest" finished-at="2021-07-14T11:43:06Z" duration-ms="840" status="PASS">
          <reporter-output>
          </reporter-output>
        </test-method> <!-- afterTest -->
        <test-method is-config="true" signature="beforeTest()[pri:0, instance:testNg.asPaintTestNg@5b7a8434]" started-at="2021-07-14T11:43:06Z" name="beforeTest" finished-at="2021-07-14T11:43:16Z" duration-ms="10758" status="PASS">
          <reporter-output>
          </reporter-output>
        </test-method> <!-- beforeTest -->
        <test-method signature="exploreStore(int, java.lang.String)[pri:6, instance:testNg.asPaintTestNg@5b7a8434]" started-at="2021-07-14T11:43:16Z" name="exploreStore" data-provider="testCase6" finished-at="2021-07-14T11:43:25Z" duration-ms="8695" status="PASS">
          <params>
            <param index="0">
              <value>
                <![CDATA[713212]]>
              </value>
            </param>
            <param index="1">
              <value>
                <![CDATA[Store Locator: Design Solutions for a Beautiful Home Makeover - Asian Paints]]>
              </value>
            </param>
          </params>
          <reporter-output>
          </reporter-output>
        </test-method> <!-- exploreStore -->
        <test-method is-config="true" signature="afterTest()[pri:0, instance:testNg.asPaintTestNg@5b7a8434]" started-at="2021-07-14T11:43:25Z" name="afterTest" finished-at="2021-07-14T11:43:26Z" duration-ms="768" status="PASS">
          <reporter-output>
          </reporter-output>
        </test-method> <!-- afterTest -->
        <test-method is-config="true" signature="beforeTest()[pri:0, instance:testNg.asPaintTestNg@5b7a8434]" started-at="2021-07-14T11:43:26Z" name="beforeTest" finished-at="2021-07-14T11:43:35Z" duration-ms="9552" status="PASS">
          <reporter-output>
          </reporter-output>
        </test-method> <!-- beforeTest -->
        <test-method signature="appDownloadSmsValidNumber(int, java.lang.String)[pri:7, instance:testNg.asPaintTestNg@5b7a8434]" started-at="2021-07-14T11:43:35Z" name="appDownloadSmsValidNumber" data-provider="testCase7" finished-at="2021-07-14T11:43:41Z" duration-ms="5453" status="PASS">
          <params>
            <param index="0">
              <value>
                <![CDATA[1234567890]]>
              </value>
            </param>
            <param index="1">
              <value>
                <![CDATA[Message has been successfully sent to 1234567890.]]>
              </value>
            </param>
          </params>
          <reporter-output>
          </reporter-output>
        </test-method> <!-- appDownloadSmsValidNumber -->
        <test-method is-config="true" signature="afterTest()[pri:0, instance:testNg.asPaintTestNg@5b7a8434]" started-at="2021-07-14T11:43:41Z" name="afterTest" finished-at="2021-07-14T11:43:42Z" duration-ms="876" status="PASS">
          <reporter-output>
          </reporter-output>
        </test-method> <!-- afterTest -->
        <test-method is-config="true" signature="beforeTest()[pri:0, instance:testNg.asPaintTestNg@5b7a8434]" started-at="2021-07-14T11:43:42Z" name="beforeTest" finished-at="2021-07-14T11:43:52Z" duration-ms="10031" status="PASS">
          <reporter-output>
          </reporter-output>
        </test-method> <!-- beforeTest -->
        <test-method signature="appDownloadSmsInvalidNumber(int, java.lang.String)[pri:8, instance:testNg.asPaintTestNg@5b7a8434]" started-at="2021-07-14T11:43:52Z" name="appDownloadSmsInvalidNumber" data-provider="testCase8" finished-at="2021-07-14T11:44:12Z" duration-ms="20397" status="PASS">
          <params>
            <param index="0">
              <value>
                <![CDATA[123456789]]>
              </value>
            </param>
            <param index="1">
              <value>
                <![CDATA[Phone number is invalid]]>
              </value>
            </param>
          </params>
          <reporter-output>
          </reporter-output>
        </test-method> <!-- appDownloadSmsInvalidNumber -->
        <test-method is-config="true" signature="afterTest()[pri:0, instance:testNg.asPaintTestNg@5b7a8434]" started-at="2021-07-14T11:44:12Z" name="afterTest" finished-at="2021-07-14T11:44:13Z" duration-ms="837" status="PASS">
          <reporter-output>
          </reporter-output>
        </test-method> <!-- afterTest -->
        <test-method is-config="true" signature="beforeTest()[pri:0, instance:testNg.asPaintTestNg@5b7a8434]" started-at="2021-07-14T11:44:13Z" name="beforeTest" finished-at="2021-07-14T11:44:24Z" duration-ms="10596" status="PASS">
          <reporter-output>
          </reporter-output>
        </test-method> <!-- beforeTest -->
        <test-method signature="androidPlaystoreLink()[pri:9, instance:testNg.asPaintTestNg@5b7a8434]" started-at="2021-07-14T11:44:24Z" name="androidPlaystoreLink" finished-at="2021-07-14T11:44:25Z" duration-ms="1137" status="FAIL">
          <exception class="org.openqa.selenium.ElementClickInterceptedException">
            <message>
              <![CDATA[element click intercepted: Element <a href="https://play.google.com/store/apps/details?id=com.asianpaints.dbu.digital.colourwithasianpaints&amp;hl=en">...</a> is not clickable at point (1113, 724). Other element would receive the click: <p class="cookie-text">...</p>
  (Session info: chrome=91.0.4472.124)
Build info: version: '3.141.59', revision: 'e82be7d358', time: '2018-11-14T08:17:03'
System info: host: 'DIN33000075', ip: '10.33.156.190', os.name: 'Windows 10', os.arch: 'amd64', os.version: '10.0', java.version: '15.0.2'
Driver info: org.openqa.selenium.chrome.ChromeDriver
Capabilities {acceptInsecureCerts: false, browserName: chrome, browserVersion: 91.0.4472.124, chrome: {chromedriverVersion: 91.0.4472.101 (af52a90bf870..., userDataDir: C:\Users\deenandy\AppData\L...}, goog:chromeOptions: {debuggerAddress: localhost:58070}, javascriptEnabled: true, networkConnectionEnabled: false, pageLoadStrategy: normal, platform: WINDOWS, platformName: WINDOWS, proxy: Proxy(), setWindowRect: true, strictFileInteractability: false, timeouts: {implicit: 0, pageLoad: 300000, script: 30000}, unhandledPromptBehavior: dismiss and notify, webauthn:extension:largeBlob: true, webauthn:virtualAuthenticators: true}
Session ID: df2beaabbc459ca5a514dcbdfcf9bc7e]]>
            </message>
            <full-stacktrace>
              <![CDATA[org.openqa.selenium.ElementClickInterceptedException: element click intercepted: Element <a href="https://play.google.com/store/apps/details?id=com.asianpaints.dbu.digital.colourwithasianpaints&amp;hl=en">...</a> is not clickable at point (1113, 724). Other element would receive the click: <p class="cookie-text">...</p>
  (Session info: chrome=91.0.4472.124)
Build info: version: '3.141.59', revision: 'e82be7d358', time: '2018-11-14T08:17:03'
System info: host: 'DIN33000075', ip: '10.33.156.190', os.name: 'Windows 10', os.arch: 'amd64', os.version: '10.0', java.version: '15.0.2'
Driver info: org.openqa.selenium.chrome.ChromeDriver
Capabilities {acceptInsecureCerts: false, browserName: chrome, browserVersion: 91.0.4472.124, chrome: {chromedriverVersion: 91.0.4472.101 (af52a90bf870..., userDataDir: C:\Users\deenandy\AppData\L...}, goog:chromeOptions: {debuggerAddress: localhost:58070}, javascriptEnabled: true, networkConnectionEnabled: false, pageLoadStrategy: normal, platform: WINDOWS, platformName: WINDOWS, proxy: Proxy(), setWindowRect: true, strictFileInteractability: false, timeouts: {implicit: 0, pageLoad: 300000, script: 30000}, unhandledPromptBehavior: dismiss and notify, webauthn:extension:largeBlob: true, webauthn:virtualAuthenticators: true}
Session ID: df2beaabbc459ca5a514dcbdfcf9bc7e
at java.base/jdk.internal.reflect.NativeConstructorAccessorImpl.newInstance0(Native Method)
at java.base/jdk.internal.reflect.NativeConstructorAccessorImpl.newInstance(NativeConstructorAccessorImpl.java:64)
at java.base/jdk.internal.reflect.DelegatingConstructorAccessorImpl.newInstance(DelegatingConstructorAccessorImpl.java:45)
at java.base/java.lang.reflect.Constructor.newInstanceWithCaller(Constructor.java:500)
at java.base/java.lang.reflect.Constructor.newInstance(Constructor.java:481)
at org.openqa.selenium.remote.http.W3CHttpResponseCodec.createException(W3CHttpResponseCodec.java:187)
at org.openqa.selenium.remote.http.W3CHttpResponseCodec.decode(W3CHttpResponseCodec.java:122)
at org.openqa.selenium.remote.http.W3CHttpResponseCodec.decode(W3CHttpResponseCodec.java:49)
at org.openqa.selenium.remote.HttpCommandExecutor.execute(HttpCommandExecutor.java:158)
at org.openqa.selenium.remote.service.DriverCommandExecutor.execute(DriverCommandExecutor.java:83)
at org.openqa.selenium.remote.RemoteWebDriver.execute(RemoteWebDriver.java:552)
at org.openqa.selenium.remote.RemoteWebElement.execute(RemoteWebElement.java:285)
at org.openqa.selenium.remote.RemoteWebElement.click(RemoteWebElement.java:84)
at java.base/jdk.internal.reflect.NativeMethodAccessorImpl.invoke0(Native Method)
at java.base/jdk.internal.reflect.NativeMethodAccessorImpl.invoke(NativeMethodAccessorImpl.java:64)
at java.base/jdk.internal.reflect.DelegatingMethodAccessorImpl.invoke(DelegatingMethodAccessorImpl.java:43)
at java.base/java.lang.reflect.Method.invoke(Method.java:564)
at org.openqa.selenium.support.pagefactory.internal.LocatingElementHandler.invoke(LocatingElementHandler.java:51)
at com.sun.proxy.$Proxy16.click(Unknown Source)
at pageObjectModels.androidPage.downloadAndroidApp(androidPage.java:24)
at testNg.asPaintTestNg.androidPlaystoreLink(asPaintTestNg.java:234)
at java.base/jdk.internal.reflect.NativeMethodAccessorImpl.invoke0(Native Method)
at java.base/jdk.internal.reflect.NativeMethodAccessorImpl.invoke(NativeMethodAccessorImpl.java:64)
at java.base/jdk.internal.reflect.DelegatingMethodAccessorImpl.invoke(DelegatingMethodAccessorImpl.java:43)
at java.base/java.lang.reflect.Method.invoke(Method.java:564)
at org.testng.internal.MethodInvocationHelper.invokeMethod(MethodInvocationHelper.java:124)
at org.testng.internal.Invoker.invokeMethod(Invoker.java:583)
at org.testng.internal.Invoker.invokeTestMethod(Invoker.java:719)
at org.testng.internal.Invoker.invokeTestMethods(Invoker.java:989)
at org.testng.internal.TestMethodWorker.invokeTestMethods(TestMethodWorker.java:125)
at org.testng.internal.TestMethodWorker.run(TestMethodWorker.java:109)
at org.testng.TestRunner.privateRun(TestRunner.java:648)
at org.testng.TestRunner.run(TestRunner.java:505)
at org.testng.SuiteRunner.runTest(SuiteRunner.java:455)
at org.testng.SuiteRunner.runSequentially(SuiteRunner.java:450)
at org.testng.SuiteRunner.privateRun(SuiteRunner.java:415)
at org.testng.SuiteRunner.run(SuiteRunner.java:364)
at org.testng.SuiteRunnerWorker.runSuite(SuiteRunnerWorker.java:52)
at org.testng.SuiteRunnerWorker.run(SuiteRunnerWorker.java:84)
at org.testng.TestNG.runSuitesSequentially(TestNG.java:1208)
at org.testng.TestNG.runSuitesLocally(TestNG.java:1137)
at org.testng.TestNG.runSuites(TestNG.java:1049)
at org.testng.TestNG.run(TestNG.java:1017)
at org.testng.remote.AbstractRemoteTestNG.run(AbstractRemoteTestNG.java:115)
at org.testng.remote.RemoteTestNG.initAndRun(RemoteTestNG.java:251)
at org.testng.remote.RemoteTestNG.main(RemoteTestNG.java:77)
]]>
            </full-stacktrace>
          </exception> <!-- org.openqa.selenium.ElementClickInterceptedException -->
          <reporter-output>
          </reporter-output>
        </test-method> <!-- androidPlaystoreLink -->
        <test-method is-config="true" signature="afterTest()[pri:0, instance:testNg.asPaintTestNg@5b7a8434]" started-at="2021-07-14T11:44:25Z" name="afterTest" finished-at="2021-07-14T11:44:25Z" duration-ms="726" status="PASS">
          <reporter-output>
          </reporter-output>
        </test-method> <!-- afterTest -->
        <test-method is-config="true" signature="beforeTest()[pri:0, instance:testNg.asPaintTestNg@5b7a8434]" started-at="2021-07-14T11:44:25Z" name="beforeTest" finished-at="2021-07-14T11:44:36Z" duration-ms="10635" status="PASS">
          <reporter-output>
          </reporter-output>
        </test-method> <!-- beforeTest -->
        <test-method signature="iosAppstoreLink()[pri:10, instance:testNg.asPaintTestNg@5b7a8434]" started-at="2021-07-14T11:44:36Z" name="iosAppstoreLink" finished-at="2021-07-14T11:44:46Z" duration-ms="9509" status="FAIL">
          <exception class="java.lang.AssertionError">
            <message>
              <![CDATA[expected [false] but found [true]]]>
            </message>
            <full-stacktrace>
              <![CDATA[java.lang.AssertionError: expected [false] but found [true]
at org.testng.Assert.fail(Assert.java:96)
at org.testng.Assert.failNotEquals(Assert.java:776)
at org.testng.Assert.assertEqualsImpl(Assert.java:137)
at org.testng.Assert.assertEquals(Assert.java:118)
at org.testng.Assert.assertEquals(Assert.java:568)
at org.testng.Assert.assertEquals(Assert.java:578)
at testNg.asPaintTestNg.iosAppstoreLink(asPaintTestNg.java:267)
at java.base/jdk.internal.reflect.NativeMethodAccessorImpl.invoke0(Native Method)
at java.base/jdk.internal.reflect.NativeMethodAccessorImpl.invoke(NativeMethodAccessorImpl.java:64)
at java.base/jdk.internal.reflect.DelegatingMethodAccessorImpl.invoke(DelegatingMethodAccessorImpl.java:43)
at java.base/java.lang.reflect.Method.invoke(Method.java:564)
at org.testng.internal.MethodInvocationHelper.invokeMethod(MethodInvocationHelper.java:124)
at org.testng.internal.Invoker.invokeMethod(Invoker.java:583)
at org.testng.internal.Invoker.invokeTestMethod(Invoker.java:719)
at org.testng.internal.Invoker.invokeTestMethods(Invoker.java:989)
at org.testng.internal.TestMethodWorker.invokeTestMethods(TestMethodWorker.java:125)
at org.testng.internal.TestMethodWorker.run(TestMethodWorker.java:109)
at org.testng.TestRunner.privateRun(TestRunner.java:648)
at org.testng.TestRunner.run(TestRunner.java:505)
at org.testng.SuiteRunner.runTest(SuiteRunner.java:455)
at org.testng.SuiteRunner.runSequentially(SuiteRunner.java:450)
at org.testng.SuiteRunner.privateRun(SuiteRunner.java:415)
at org.testng.SuiteRunner.run(SuiteRunner.java:364)
at org.testng.SuiteRunnerWorker.runSuite(SuiteRunnerWorker.java:52)
at org.testng.SuiteRunnerWorker.run(SuiteRunnerWorker.java:84)
at org.testng.TestNG.runSuitesSequentially(TestNG.java:1208)
at org.testng.TestNG.runSuitesLocally(TestNG.java:1137)
at org.testng.TestNG.runSuites(TestNG.java:1049)
at org.testng.TestNG.run(TestNG.java:1017)
at org.testng.remote.AbstractRemoteTestNG.run(AbstractRemoteTestNG.java:115)
at org.testng.remote.RemoteTestNG.initAndRun(RemoteTestNG.java:251)
at org.testng.remote.RemoteTestNG.main(RemoteTestNG.java:77)
]]>
            </full-stacktrace>
          </exception> <!-- java.lang.AssertionError -->
          <reporter-output>
          </reporter-output>
        </test-method> <!-- iosAppstoreLink -->
        <test-method is-config="true" signature="afterTest()[pri:0, instance:testNg.asPaintTestNg@5b7a8434]" started-at="2021-07-14T11:44:46Z" name="afterTest" finished-at="2021-07-14T11:44:46Z" duration-ms="724" status="PASS">
          <reporter-output>
          </reporter-output>
        </test-method> <!-- afterTest -->
        <test-method is-config="true" signature="afterSute()[pri:0, instance:testNg.asPaintTestNg@5b7a8434]" started-at="2021-07-14T11:44:46Z" name="afterSute" finished-at="2021-07-14T11:44:47Z" duration-ms="251" status="PASS">
          <reporter-output>
          </reporter-output>
        </test-method> <!-- afterSute -->
      </class> <!-- testNg.asPaintTestNg -->
    </test> <!-- Default test -->
  </suite> <!-- Default suite -->
</testng-results>
